2025-03-18 05:27:14,162 - Bioskop - INFO - Application starting...
2025-03-18 05:27:15,041 - Bioskop - INFO - Starting Flask thread...
2025-03-18 05:27:15,042 - Bioskop - INFO - Starting Flask server...
2025-03-18 05:27:15,045 - Bioskop - INFO - Entering Qt event loop...
2025-03-18 05:27:15,098 - werkzeug - INFO - [31m[1mWARNING: This is a development server. Do not use it in a production deployment. Use a production WSGI server instead.[0m
 * Running on http://127.0.0.1:5000
2025-03-18 05:27:15,099 - werkzeug - INFO - [33mPress CTRL+C to quit[0m
2025-03-18 05:27:16,641 - Bioskop - INFO - Showing login window...
2025-03-18 05:30:21,324 - Bioskop - INFO - Application starting...
2025-03-18 05:30:22,041 - Bioskop - INFO - Starting Flask thread...
2025-03-18 05:30:22,042 - Bioskop - INFO - Starting Flask server...
2025-03-18 05:30:22,043 - Bioskop - INFO - Entering Qt event loop...
2025-03-18 05:30:22,072 - werkzeug - INFO - [31m[1mWARNING: This is a development server. Do not use it in a production deployment. Use a production WSGI server instead.[0m
 * Running on http://127.0.0.1:5000
2025-03-18 05:30:22,073 - werkzeug - INFO - [33mPress CTRL+C to quit[0m
2025-03-18 05:30:23,562 - Bioskop - INFO - Showing login window...
2025-03-18 05:31:31,303 - Bioskop - INFO - Application starting...
2025-03-18 05:31:32,048 - Bioskop - INFO - Starting Flask thread...
2025-03-18 05:31:32,049 - Bioskop - INFO - Starting Flask server...
2025-03-18 05:31:32,050 - Bioskop - INFO - Entering Qt event loop...
2025-03-18 05:31:32,089 - werkzeug - INFO - [31m[1mWARNING: This is a development server. Do not use it in a production deployment. Use a production WSGI server instead.[0m
 * Running on http://127.0.0.1:5000
2025-03-18 05:31:32,090 - werkzeug - INFO - [33mPress CTRL+C to quit[0m
2025-03-18 05:31:33,617 - Bioskop - INFO - Showing login window...
